<?xml version="1.0" encoding="UTF-8"?>
<!-- Generated by org.testng.reporters.JUnitXMLReporter -->
<testsuite hostname="DESKTOP-CRHCDT9" ignored="0" name="Sprint1" tests="3" failures="1" timestamp="23 Nov 2017 15:40:25 GMT" time="0.082" errors="0">
  <testcase name="TestFB" time="0.018" classname="com.ExecuteFailedTestCases.TestCase1"/>
  <testcase name="TestTwitter" time="0.005" classname="com.ExecuteFailedTestCases.TestCase2"/>
  <testcase name="TestWordPress" time="0.015" classname="com.ExecuteFailedTestCases.TestCase3">
    <failure type="java.lang.AssertionError" message="expected [true] but found [false]">
      <![CDATA[java.lang.AssertionError: expected [true] but found [false]
	at com.ExecuteFailedTestCases.TestCase3.TestWordPress(TestCase3.java:9)
... Removed 29 stack frames]]>
    </failure>
  </testcase> <!-- TestWordPress -->
</testsuite> <!-- Sprint1 -->
