<?xml version="1.0" encoding="UTF-8"?>
<!-- Generated by org.testng.reporters.JUnitXMLReporter -->
<testsuite hostname="DESKTOP-CRHCDT9" ignored="0" name="Sprint1(failed)" tests="1" failures="1" timestamp="23 Nov 2017 15:45:54 GMT" time="0.036" errors="0">
  <testcase name="TestWordPress" time="0.012" classname="com.ExecuteFailedTestCases.TestCase3">
    <failure type="java.lang.AssertionError" message="expected [true] but found [false]">
      <![CDATA[java.lang.AssertionError: expected [true] but found [false]
	at com.ExecuteFailedTestCases.TestCase3.TestWordPress(TestCase3.java:9)
... Removed 29 stack frames]]>
    </failure>
  </testcase> <!-- TestWordPress -->
</testsuite> <!-- Sprint1(failed) -->
